{"name":"hexo","hostname":"admindeMac-mini.local","pid":26539,"level":20,"msg":"Hexo version: \u001b[35m3.2.0\u001b[39m","time":"2016-07-27T08:00:44.523Z","v":0}
{"name":"hexo","hostname":"admindeMac-mini.local","pid":26539,"level":20,"msg":"Working directory: \u001b[35m~/hexo/\u001b[39m","time":"2016-07-27T08:00:44.527Z","v":0}
{"name":"hexo","hostname":"admindeMac-mini.local","pid":26539,"level":20,"msg":"Config loaded: \u001b[35m~/hexo/_config.yml\u001b[39m","time":"2016-07-27T08:00:44.611Z","v":0}
{"name":"hexo","hostname":"admindeMac-mini.local","pid":26539,"level":20,"msg":"Plugin loaded: \u001b[35mhexo-deployer-git\u001b[39m","time":"2016-07-27T08:00:44.816Z","v":0}
{"name":"hexo","hostname":"admindeMac-mini.local","pid":26539,"level":20,"msg":"Plugin loaded: \u001b[35mhexo-asset-image\u001b[39m","time":"2016-07-27T08:00:44.898Z","v":0}
{"name":"hexo","hostname":"admindeMac-mini.local","pid":26539,"level":20,"msg":"Plugin loaded: \u001b[35mhexo-generator-archive\u001b[39m","time":"2016-07-27T08:00:44.900Z","v":0}
{"name":"hexo","hostname":"admindeMac-mini.local","pid":26539,"level":20,"msg":"Plugin loaded: \u001b[35mhexo-generator-category\u001b[39m","time":"2016-07-27T08:00:44.902Z","v":0}
{"name":"hexo","hostname":"admindeMac-mini.local","pid":26539,"level":20,"msg":"Plugin loaded: \u001b[35mhexo-generator-index\u001b[39m","time":"2016-07-27T08:00:44.905Z","v":0}
{"name":"hexo","hostname":"admindeMac-mini.local","pid":26539,"level":20,"msg":"Plugin loaded: \u001b[35mhexo-generator-tag\u001b[39m","time":"2016-07-27T08:00:44.916Z","v":0}
{"name":"hexo","hostname":"admindeMac-mini.local","pid":26539,"level":20,"msg":"Plugin loaded: \u001b[35mhexo-renderer-ejs\u001b[39m","time":"2016-07-27T08:00:44.919Z","v":0}
{"name":"hexo","hostname":"admindeMac-mini.local","pid":26539,"level":20,"msg":"Plugin loaded: \u001b[35mhexo-renderer-marked\u001b[39m","time":"2016-07-27T08:00:44.995Z","v":0}
{"name":"hexo","hostname":"admindeMac-mini.local","pid":26539,"level":20,"msg":"Plugin loaded: \u001b[35mhexo-renderer-stylus\u001b[39m","time":"2016-07-27T08:00:44.997Z","v":0}
{"name":"hexo","hostname":"admindeMac-mini.local","pid":26539,"level":20,"msg":"Plugin loaded: \u001b[35mhexo-server\u001b[39m","time":"2016-07-27T08:00:45.099Z","v":0}
{"name":"hexo","hostname":"admindeMac-mini.local","pid":26539,"level":20,"msg":"Script loaded: \u001b[35mthemes/next/scripts/merge-configs.js\u001b[39m","time":"2016-07-27T08:00:45.099Z","v":0}
{"name":"hexo","hostname":"admindeMac-mini.local","pid":26539,"level":20,"msg":"Script loaded: \u001b[35mthemes/next/scripts/tags/center-quote.js\u001b[39m","time":"2016-07-27T08:00:45.100Z","v":0}
{"name":"hexo","hostname":"admindeMac-mini.local","pid":26539,"level":20,"msg":"Script loaded: \u001b[35mthemes/next/scripts/tags/full-image.js\u001b[39m","time":"2016-07-27T08:00:45.100Z","v":0}
{"name":"hexo","hostname":"admindeMac-mini.local","pid":26539,"level":20,"msg":"Script loaded: \u001b[35mthemes/next/scripts/tags/group-pictures.js\u001b[39m","time":"2016-07-27T08:00:45.101Z","v":0}
{"name":"hexo","hostname":"admindeMac-mini.local","pid":26539,"level":20,"msg":"Loading database.","time":"2016-07-27T08:00:45.111Z","v":0}
{"name":"hexo","hostname":"admindeMac-mini.local","pid":26539,"level":30,"msg":"Start processing","time":"2016-07-27T08:00:45.119Z","v":0}
{"name":"hexo","hostname":"admindeMac-mini.local","pid":26539,"level":20,"msg":"Processed: \u001b[35mCNAME\u001b[39m","time":"2016-07-27T08:00:45.173Z","v":0}
{"name":"hexo","hostname":"admindeMac-mini.local","pid":26539,"level":20,"msg":"Processed: \u001b[35m_posts/2016-06-23-从0开始写意.md\u001b[39m","time":"2016-07-27T08:00:45.284Z","v":0}
{"name":"hexo","hostname":"admindeMac-mini.local","pid":26539,"level":20,"msg":"Processed: \u001b[35m_posts/2016-06-29-Photoshop基础-md.md\u001b[39m","time":"2016-07-27T08:00:45.288Z","v":0}
{"name":"hexo","hostname":"admindeMac-mini.local","pid":26539,"level":20,"msg":"Processed: \u001b[35m_posts/2016-06-27-android条形码识别-md.md\u001b[39m","time":"2016-07-27T08:00:45.292Z","v":0}
{"name":"hexo","hostname":"admindeMac-mini.local","pid":26539,"level":20,"msg":"Processed: \u001b[35m_posts/2016-06-28-Guava官方教程-md.md\u001b[39m","time":"2016-07-27T08:00:45.294Z","v":0}
{"name":"hexo","hostname":"admindeMac-mini.local","pid":26539,"level":20,"msg":"Processed: \u001b[35m_posts/2016-06-28-2016-06-28黄金外汇交易-md.md\u001b[39m","time":"2016-07-27T08:00:45.298Z","v":0}
{"name":"hexo","hostname":"admindeMac-mini.local","pid":26539,"level":20,"msg":"Processed: \u001b[35m_posts/2016-07-26-你为什么交易？.md\u001b[39m","time":"2016-07-27T08:00:45.302Z","v":0}
{"name":"hexo","hostname":"admindeMac-mini.local","pid":26539,"level":20,"msg":"Processed: \u001b[35m_posts/Sublime manual.md\u001b[39m","time":"2016-07-27T08:00:45.304Z","v":0}
{"name":"hexo","hostname":"admindeMac-mini.local","pid":26539,"level":20,"msg":"Processed: \u001b[35m_posts/2016-06-30-燕窝产品描述-md.md\u001b[39m","time":"2016-07-27T08:00:45.304Z","v":0}
{"name":"hexo","hostname":"admindeMac-mini.local","pid":26539,"level":20,"msg":"Processed: \u001b[35msource/css/main.styl\u001b[39m","time":"2016-07-27T08:00:45.308Z","v":0}
{"name":"hexo","hostname":"admindeMac-mini.local","pid":26539,"level":20,"msg":"Processed: \u001b[35msource/images/avatar.gif\u001b[39m","time":"2016-07-27T08:00:45.309Z","v":0}
{"name":"hexo","hostname":"admindeMac-mini.local","pid":26539,"level":20,"msg":"Processed: \u001b[35msource/images/cc-by-nc-nd.svg\u001b[39m","time":"2016-07-27T08:00:45.309Z","v":0}
{"name":"hexo","hostname":"admindeMac-mini.local","pid":26539,"level":20,"msg":"Processed: \u001b[35msource/images/cc-by-nc.svg\u001b[39m","time":"2016-07-27T08:00:45.309Z","v":0}
{"name":"hexo","hostname":"admindeMac-mini.local","pid":26539,"level":20,"msg":"Processed: \u001b[35msource/images/cc-by-nc-sa.svg\u001b[39m","time":"2016-07-27T08:00:45.310Z","v":0}
{"name":"hexo","hostname":"admindeMac-mini.local","pid":26539,"level":20,"msg":"Processed: \u001b[35msource/images/cc-by-sa.svg\u001b[39m","time":"2016-07-27T08:00:45.311Z","v":0}
{"name":"hexo","hostname":"admindeMac-mini.local","pid":26539,"level":20,"msg":"Processed: \u001b[35msource/images/cc-by-nd.svg\u001b[39m","time":"2016-07-27T08:00:45.311Z","v":0}
{"name":"hexo","hostname":"admindeMac-mini.local","pid":26539,"level":20,"msg":"Processed: \u001b[35msource/images/cc-zero.svg\u001b[39m","time":"2016-07-27T08:00:45.312Z","v":0}
{"name":"hexo","hostname":"admindeMac-mini.local","pid":26539,"level":20,"msg":"Processed: \u001b[35msource/images/cc-by.svg\u001b[39m","time":"2016-07-27T08:00:45.312Z","v":0}
{"name":"hexo","hostname":"admindeMac-mini.local","pid":26539,"level":20,"msg":"Processed: \u001b[35msource/images/placeholder.gif\u001b[39m","time":"2016-07-27T08:00:45.313Z","v":0}
{"name":"hexo","hostname":"admindeMac-mini.local","pid":26539,"level":20,"msg":"Processed: \u001b[35msource/images/loading.gif\u001b[39m","time":"2016-07-27T08:00:45.313Z","v":0}
{"name":"hexo","hostname":"admindeMac-mini.local","pid":26539,"level":20,"msg":"Processed: \u001b[35msource/images/quote-l.svg\u001b[39m","time":"2016-07-27T08:00:45.313Z","v":0}
{"name":"hexo","hostname":"admindeMac-mini.local","pid":26539,"level":20,"msg":"Processed: \u001b[35msource/images/quote-r.svg\u001b[39m","time":"2016-07-27T08:00:45.314Z","v":0}
{"name":"hexo","hostname":"admindeMac-mini.local","pid":26539,"level":20,"msg":"Processed: \u001b[35msource/images/searchicon.png\u001b[39m","time":"2016-07-27T08:00:45.314Z","v":0}
{"name":"hexo","hostname":"admindeMac-mini.local","pid":26539,"level":20,"msg":"Theme config loaded.","time":"2016-07-27T08:00:45.348Z","v":0}
{"name":"hexo","hostname":"admindeMac-mini.local","pid":26539,"level":20,"msg":"Processed: \u001b[35m_posts/2016-06-28-Lambda概述-md.md\u001b[39m","time":"2016-07-27T08:00:45.348Z","v":0}
{"name":"hexo","hostname":"admindeMac-mini.local","pid":26539,"level":20,"msg":"Processed: \u001b[35m_posts/IM使用规范.md\u001b[39m","time":"2016-07-27T08:00:45.351Z","v":0}
{"name":"hexo","hostname":"admindeMac-mini.local","pid":26539,"level":20,"msg":"Processed: \u001b[35m_config.yml\u001b[39m","time":"2016-07-27T08:00:45.352Z","v":0}
{"name":"hexo","hostname":"admindeMac-mini.local","pid":26539,"level":20,"msg":"Processed: \u001b[35m_posts/hello-world.md\u001b[39m","time":"2016-07-27T08:00:45.354Z","v":0}
{"name":"hexo","hostname":"admindeMac-mini.local","pid":26539,"level":20,"msg":"Processed: \u001b[35m_posts/RxJava Manual.md\u001b[39m","time":"2016-07-27T08:00:45.356Z","v":0}
{"name":"hexo","hostname":"admindeMac-mini.local","pid":26539,"level":20,"msg":"Processed: \u001b[35mlayout/category.swig\u001b[39m","time":"2016-07-27T08:00:45.572Z","v":0}
{"name":"hexo","hostname":"admindeMac-mini.local","pid":26539,"level":20,"msg":"Processed: \u001b[35mlayout/_layout.swig\u001b[39m","time":"2016-07-27T08:00:45.572Z","v":0}
{"name":"hexo","hostname":"admindeMac-mini.local","pid":26539,"level":20,"msg":"Processed: \u001b[35mlayout/archive.swig\u001b[39m","time":"2016-07-27T08:00:45.573Z","v":0}
{"name":"hexo","hostname":"admindeMac-mini.local","pid":26539,"level":20,"msg":"Processed: \u001b[35mlayout/index.swig\u001b[39m","time":"2016-07-27T08:00:45.573Z","v":0}
{"name":"hexo","hostname":"admindeMac-mini.local","pid":26539,"level":20,"msg":"Processed: \u001b[35mlayout/page.swig\u001b[39m","time":"2016-07-27T08:00:45.573Z","v":0}
{"name":"hexo","hostname":"admindeMac-mini.local","pid":26539,"level":20,"msg":"Processed: \u001b[35mlayout/post.swig\u001b[39m","time":"2016-07-27T08:00:45.573Z","v":0}
{"name":"hexo","hostname":"admindeMac-mini.local","pid":26539,"level":20,"msg":"Processed: \u001b[35mlayout/tag.swig\u001b[39m","time":"2016-07-27T08:00:45.573Z","v":0}
{"name":"hexo","hostname":"admindeMac-mini.local","pid":26539,"level":20,"msg":"Processed: \u001b[35mlanguages/en.yml\u001b[39m","time":"2016-07-27T08:00:45.576Z","v":0}
{"name":"hexo","hostname":"admindeMac-mini.local","pid":26539,"level":20,"msg":"Processed: \u001b[35mlanguages/default.yml\u001b[39m","time":"2016-07-27T08:00:45.576Z","v":0}
{"name":"hexo","hostname":"admindeMac-mini.local","pid":26539,"level":20,"msg":"Processed: \u001b[35mlanguages/fr-FR.yml\u001b[39m","time":"2016-07-27T08:00:45.576Z","v":0}
{"name":"hexo","hostname":"admindeMac-mini.local","pid":26539,"level":20,"msg":"Processed: \u001b[35mlanguages/pt.yml\u001b[39m","time":"2016-07-27T08:00:45.576Z","v":0}
{"name":"hexo","hostname":"admindeMac-mini.local","pid":26539,"level":20,"msg":"Processed: \u001b[35mlanguages/de.yml\u001b[39m","time":"2016-07-27T08:00:45.576Z","v":0}
{"name":"hexo","hostname":"admindeMac-mini.local","pid":26539,"level":20,"msg":"Processed: \u001b[35mlanguages/id.yml\u001b[39m","time":"2016-07-27T08:00:45.576Z","v":0}
{"name":"hexo","hostname":"admindeMac-mini.local","pid":26539,"level":20,"msg":"Processed: \u001b[35mlanguages/pt-BR.yml\u001b[39m","time":"2016-07-27T08:00:45.577Z","v":0}
{"name":"hexo","hostname":"admindeMac-mini.local","pid":26539,"level":20,"msg":"Processed: \u001b[35mlanguages/ja.yml\u001b[39m","time":"2016-07-27T08:00:45.577Z","v":0}
{"name":"hexo","hostname":"admindeMac-mini.local","pid":26539,"level":20,"msg":"Processed: \u001b[35mlanguages/zh-tw.yml\u001b[39m","time":"2016-07-27T08:00:45.577Z","v":0}
{"name":"hexo","hostname":"admindeMac-mini.local","pid":26539,"level":20,"msg":"Processed: \u001b[35mlanguages/ru.yml\u001b[39m","time":"2016-07-27T08:00:45.577Z","v":0}
{"name":"hexo","hostname":"admindeMac-mini.local","pid":26539,"level":20,"msg":"Processed: \u001b[35mlanguages/zh-hk.yml\u001b[39m","time":"2016-07-27T08:00:45.577Z","v":0}
{"name":"hexo","hostname":"admindeMac-mini.local","pid":26539,"level":20,"msg":"Processed: \u001b[35mlanguages/zh-Hans.yml\u001b[39m","time":"2016-07-27T08:00:45.577Z","v":0}
{"name":"hexo","hostname":"admindeMac-mini.local","pid":26539,"level":20,"msg":"Processed: \u001b[35msource/js/src/hook-duoshuo.js\u001b[39m","time":"2016-07-27T08:00:45.582Z","v":0}
{"name":"hexo","hostname":"admindeMac-mini.local","pid":26539,"level":20,"msg":"Processed: \u001b[35msource/js/src/bootstrap.js\u001b[39m","time":"2016-07-27T08:00:45.582Z","v":0}
{"name":"hexo","hostname":"admindeMac-mini.local","pid":26539,"level":20,"msg":"Processed: \u001b[35msource/js/src/affix.js\u001b[39m","time":"2016-07-27T08:00:45.582Z","v":0}
{"name":"hexo","hostname":"admindeMac-mini.local","pid":26539,"level":20,"msg":"Processed: \u001b[35msource/js/src/motion.js\u001b[39m","time":"2016-07-27T08:00:45.583Z","v":0}
{"name":"hexo","hostname":"admindeMac-mini.local","pid":26539,"level":20,"msg":"Processed: \u001b[35msource/js/src/post-details.js\u001b[39m","time":"2016-07-27T08:00:45.583Z","v":0}
{"name":"hexo","hostname":"admindeMac-mini.local","pid":26539,"level":20,"msg":"Processed: \u001b[35msource/js/src/scrollspy.js\u001b[39m","time":"2016-07-27T08:00:45.583Z","v":0}
{"name":"hexo","hostname":"admindeMac-mini.local","pid":26539,"level":20,"msg":"Processed: \u001b[35msource/vendors/jquery_lazyload/CONTRIBUTING.md\u001b[39m","time":"2016-07-27T08:00:45.583Z","v":0}
{"name":"hexo","hostname":"admindeMac-mini.local","pid":26539,"level":20,"msg":"Processed: \u001b[35msource/js/src/utils.js\u001b[39m","time":"2016-07-27T08:00:45.584Z","v":0}
{"name":"hexo","hostname":"admindeMac-mini.local","pid":26539,"level":20,"msg":"Processed: \u001b[35msource/vendors/jquery_lazyload/jquery.scrollstop.js\u001b[39m","time":"2016-07-27T08:00:45.584Z","v":0}
{"name":"hexo","hostname":"admindeMac-mini.local","pid":26539,"level":20,"msg":"Processed: \u001b[35msource/vendors/jquery_lazyload/README.md\u001b[39m","time":"2016-07-27T08:00:45.584Z","v":0}
{"name":"hexo","hostname":"admindeMac-mini.local","pid":26539,"level":20,"msg":"Processed: \u001b[35msource/vendors/velocity/bower.json\u001b[39m","time":"2016-07-27T08:00:45.585Z","v":0}
{"name":"hexo","hostname":"admindeMac-mini.local","pid":26539,"level":20,"msg":"Processed: \u001b[35msource/vendors/jquery_lazyload/jquery.lazyload.js\u001b[39m","time":"2016-07-27T08:00:45.587Z","v":0}
{"name":"hexo","hostname":"admindeMac-mini.local","pid":26539,"level":20,"msg":"Processed: \u001b[35msource/vendors/jquery_lazyload/bower.json\u001b[39m","time":"2016-07-27T08:00:45.588Z","v":0}
{"name":"hexo","hostname":"admindeMac-mini.local","pid":26539,"level":20,"msg":"Processed: \u001b[35msource/vendors/velocity/velocity.min.js\u001b[39m","time":"2016-07-27T08:00:45.588Z","v":0}
{"name":"hexo","hostname":"admindeMac-mini.local","pid":26539,"level":20,"msg":"Processed: \u001b[35msource/vendors/velocity/velocity.ui.min.js\u001b[39m","time":"2016-07-27T08:00:45.589Z","v":0}
{"name":"hexo","hostname":"admindeMac-mini.local","pid":26539,"level":20,"msg":"Processed: \u001b[35msource/vendors/velocity/velocity.ui.js\u001b[39m","time":"2016-07-27T08:00:45.589Z","v":0}
{"name":"hexo","hostname":"admindeMac-mini.local","pid":26539,"level":20,"msg":"Processed: \u001b[35msource/vendors/font-awesome/HELP-US-OUT.txt\u001b[39m","time":"2016-07-27T08:00:45.599Z","v":0}
{"name":"hexo","hostname":"admindeMac-mini.local","pid":26539,"level":20,"msg":"Processed: \u001b[35msource/vendors/font-awesome/bower.json\u001b[39m","time":"2016-07-27T08:00:45.600Z","v":0}
{"name":"hexo","hostname":"admindeMac-mini.local","pid":26539,"level":20,"msg":"Processed: \u001b[35msource/vendors/fastclick/LICENSE\u001b[39m","time":"2016-07-27T08:00:45.600Z","v":0}
{"name":"hexo","hostname":"admindeMac-mini.local","pid":26539,"level":20,"msg":"Processed: \u001b[35msource/vendors/fastclick/README.md\u001b[39m","time":"2016-07-27T08:00:45.601Z","v":0}
{"name":"hexo","hostname":"admindeMac-mini.local","pid":26539,"level":20,"msg":"Processed: \u001b[35msource/vendors/fastclick/bower.json\u001b[39m","time":"2016-07-27T08:00:45.601Z","v":0}
{"name":"hexo","hostname":"admindeMac-mini.local","pid":26539,"level":20,"msg":"Processed: \u001b[35msource/vendors/jquery/index.js\u001b[39m","time":"2016-07-27T08:00:45.601Z","v":0}
{"name":"hexo","hostname":"admindeMac-mini.local","pid":26539,"level":20,"msg":"Processed: \u001b[35mlayout/_macro/post.swig\u001b[39m","time":"2016-07-27T08:00:45.652Z","v":0}
{"name":"hexo","hostname":"admindeMac-mini.local","pid":26539,"level":20,"msg":"Processed: \u001b[35mlayout/_macro/sidebar.swig\u001b[39m","time":"2016-07-27T08:00:45.652Z","v":0}
{"name":"hexo","hostname":"admindeMac-mini.local","pid":26539,"level":20,"msg":"Processed: \u001b[35mlayout/_macro/reward.swig\u001b[39m","time":"2016-07-27T08:00:45.652Z","v":0}
{"name":"hexo","hostname":"admindeMac-mini.local","pid":26539,"level":20,"msg":"Processed: \u001b[35mlayout/_macro/post-collapse.swig\u001b[39m","time":"2016-07-27T08:00:45.652Z","v":0}
{"name":"hexo","hostname":"admindeMac-mini.local","pid":26539,"level":20,"msg":"Processed: \u001b[35mlayout/_scripts/baidu-push.swig\u001b[39m","time":"2016-07-27T08:00:45.652Z","v":0}
{"name":"hexo","hostname":"admindeMac-mini.local","pid":26539,"level":20,"msg":"Processed: \u001b[35mlayout/_scripts/commons.swig\u001b[39m","time":"2016-07-27T08:00:45.652Z","v":0}
{"name":"hexo","hostname":"admindeMac-mini.local","pid":26539,"level":20,"msg":"Processed: \u001b[35mlayout/_macro/wechat-subscriber.swig\u001b[39m","time":"2016-07-27T08:00:45.652Z","v":0}
{"name":"hexo","hostname":"admindeMac-mini.local","pid":26539,"level":20,"msg":"Processed: \u001b[35mlayout/_scripts/boostrap.swig\u001b[39m","time":"2016-07-27T08:00:45.653Z","v":0}
{"name":"hexo","hostname":"admindeMac-mini.local","pid":26539,"level":20,"msg":"Processed: \u001b[35mlayout/_scripts/vendors.swig\u001b[39m","time":"2016-07-27T08:00:45.653Z","v":0}
{"name":"hexo","hostname":"admindeMac-mini.local","pid":26539,"level":20,"msg":"Processed: \u001b[35mlayout/_partials/comments.swig\u001b[39m","time":"2016-07-27T08:00:45.653Z","v":0}
{"name":"hexo","hostname":"admindeMac-mini.local","pid":26539,"level":20,"msg":"Processed: \u001b[35mlayout/_partials/duoshuo-hot-articles.swig\u001b[39m","time":"2016-07-27T08:00:45.653Z","v":0}
{"name":"hexo","hostname":"admindeMac-mini.local","pid":26539,"level":20,"msg":"Processed: \u001b[35mlayout/_partials/head.swig\u001b[39m","time":"2016-07-27T08:00:45.653Z","v":0}
{"name":"hexo","hostname":"admindeMac-mini.local","pid":26539,"level":20,"msg":"Processed: \u001b[35mlayout/_partials/footer.swig\u001b[39m","time":"2016-07-27T08:00:45.654Z","v":0}
{"name":"hexo","hostname":"admindeMac-mini.local","pid":26539,"level":20,"msg":"Processed: \u001b[35mlayout/_partials/pagination.swig\u001b[39m","time":"2016-07-27T08:00:45.654Z","v":0}
{"name":"hexo","hostname":"admindeMac-mini.local","pid":26539,"level":20,"msg":"Processed: \u001b[35mlayout/_partials/search.swig\u001b[39m","time":"2016-07-27T08:00:45.654Z","v":0}
{"name":"hexo","hostname":"admindeMac-mini.local","pid":26539,"level":20,"msg":"Processed: \u001b[35mlayout/_partials/header.swig\u001b[39m","time":"2016-07-27T08:00:45.654Z","v":0}
{"name":"hexo","hostname":"admindeMac-mini.local","pid":26539,"level":20,"msg":"Processed: \u001b[35msource/js/src/schemes/pisces.js\u001b[39m","time":"2016-07-27T08:00:45.669Z","v":0}
{"name":"hexo","hostname":"admindeMac-mini.local","pid":26539,"level":20,"msg":"Processed: \u001b[35msource/vendors/ua-parser-js/dist/ua-parser.pack.js\u001b[39m","time":"2016-07-27T08:00:45.670Z","v":0}
{"name":"hexo","hostname":"admindeMac-mini.local","pid":26539,"level":20,"msg":"Processed: \u001b[35msource/vendors/ua-parser-js/dist/ua-parser.min.js\u001b[39m","time":"2016-07-27T08:00:45.670Z","v":0}
{"name":"hexo","hostname":"admindeMac-mini.local","pid":26539,"level":20,"msg":"Processed: \u001b[35mlayout/_scripts/schemes/mist.swig\u001b[39m","time":"2016-07-27T08:00:45.679Z","v":0}
{"name":"hexo","hostname":"admindeMac-mini.local","pid":26539,"level":20,"msg":"Processed: \u001b[35mlayout/_scripts/schemes/muse.swig\u001b[39m","time":"2016-07-27T08:00:45.680Z","v":0}
{"name":"hexo","hostname":"admindeMac-mini.local","pid":26539,"level":20,"msg":"Processed: \u001b[35msource/vendors/font-awesome/css/font-awesome.css\u001b[39m","time":"2016-07-27T08:00:45.680Z","v":0}
{"name":"hexo","hostname":"admindeMac-mini.local","pid":26539,"level":20,"msg":"Processed: \u001b[35msource/vendors/font-awesome/css/font-awesome.min.css\u001b[39m","time":"2016-07-27T08:00:45.681Z","v":0}
{"name":"hexo","hostname":"admindeMac-mini.local","pid":26539,"level":20,"msg":"Processed: \u001b[35msource/vendors/font-awesome/css/font-awesome.css.map\u001b[39m","time":"2016-07-27T08:00:45.681Z","v":0}
{"name":"hexo","hostname":"admindeMac-mini.local","pid":26539,"level":20,"msg":"Processed: \u001b[35msource/vendors/font-awesome/fonts/fontawesome-webfont.woff2\u001b[39m","time":"2016-07-27T08:00:45.682Z","v":0}
{"name":"hexo","hostname":"admindeMac-mini.local","pid":26539,"level":20,"msg":"Processed: \u001b[35msource/vendors/fancybox/source/fancybox_loading.gif\u001b[39m","time":"2016-07-27T08:00:45.682Z","v":0}
{"name":"hexo","hostname":"admindeMac-mini.local","pid":26539,"level":20,"msg":"Processed: \u001b[35msource/vendors/fancybox/source/fancybox_overlay.png\u001b[39m","time":"2016-07-27T08:00:45.683Z","v":0}
{"name":"hexo","hostname":"admindeMac-mini.local","pid":26539,"level":20,"msg":"Processed: \u001b[35msource/vendors/fancybox/source/blank.gif\u001b[39m","time":"2016-07-27T08:00:45.683Z","v":0}
{"name":"hexo","hostname":"admindeMac-mini.local","pid":26539,"level":20,"msg":"Processed: \u001b[35msource/vendors/fancybox/source/fancybox_loading@2x.gif\u001b[39m","time":"2016-07-27T08:00:45.683Z","v":0}
{"name":"hexo","hostname":"admindeMac-mini.local","pid":26539,"level":20,"msg":"Processed: \u001b[35msource/vendors/fancybox/source/fancybox_sprite.png\u001b[39m","time":"2016-07-27T08:00:45.683Z","v":0}
{"name":"hexo","hostname":"admindeMac-mini.local","pid":26539,"level":20,"msg":"Processed: \u001b[35msource/vendors/fancybox/source/jquery.fancybox.js\u001b[39m","time":"2016-07-27T08:00:45.683Z","v":0}
{"name":"hexo","hostname":"admindeMac-mini.local","pid":26539,"level":20,"msg":"Processed: \u001b[35msource/vendors/fancybox/source/jquery.fancybox.css\u001b[39m","time":"2016-07-27T08:00:45.684Z","v":0}
{"name":"hexo","hostname":"admindeMac-mini.local","pid":26539,"level":20,"msg":"Processed: \u001b[35msource/vendors/fancybox/source/fancybox_sprite@2x.png\u001b[39m","time":"2016-07-27T08:00:45.684Z","v":0}
{"name":"hexo","hostname":"admindeMac-mini.local","pid":26539,"level":20,"msg":"Processed: \u001b[35msource/vendors/fastclick/lib/fastclick.min.js\u001b[39m","time":"2016-07-27T08:00:45.685Z","v":0}
{"name":"hexo","hostname":"admindeMac-mini.local","pid":26539,"level":20,"msg":"Processed: \u001b[35msource/vendors/fastclick/lib/fastclick.js\u001b[39m","time":"2016-07-27T08:00:45.686Z","v":0}
{"name":"hexo","hostname":"admindeMac-mini.local","pid":26539,"level":20,"msg":"Processed: \u001b[35msource/vendors/fancybox/source/jquery.fancybox.pack.js\u001b[39m","time":"2016-07-27T08:00:45.687Z","v":0}
{"name":"hexo","hostname":"admindeMac-mini.local","pid":26539,"level":20,"msg":"Processed: \u001b[35msource/vendors/velocity/velocity.js\u001b[39m","time":"2016-07-27T08:00:45.687Z","v":0}
{"name":"hexo","hostname":"admindeMac-mini.local","pid":26539,"level":20,"msg":"Processed: \u001b[35mlayout/_scripts/schemes/pisces.swig\u001b[39m","time":"2016-07-27T08:00:45.707Z","v":0}
{"name":"hexo","hostname":"admindeMac-mini.local","pid":26539,"level":20,"msg":"Processed: \u001b[35mlayout/_scripts/third-party/analytics.swig\u001b[39m","time":"2016-07-27T08:00:45.707Z","v":0}
{"name":"hexo","hostname":"admindeMac-mini.local","pid":26539,"level":20,"msg":"Processed: \u001b[35mlayout/_scripts/third-party/comments.swig\u001b[39m","time":"2016-07-27T08:00:45.708Z","v":0}
{"name":"hexo","hostname":"admindeMac-mini.local","pid":26539,"level":20,"msg":"Processed: \u001b[35mlayout/_scripts/third-party/lean-analytics.swig\u001b[39m","time":"2016-07-27T08:00:45.708Z","v":0}
{"name":"hexo","hostname":"admindeMac-mini.local","pid":26539,"level":20,"msg":"Processed: \u001b[35mlayout/_scripts/third-party/localsearch.swig\u001b[39m","time":"2016-07-27T08:00:45.708Z","v":0}
{"name":"hexo","hostname":"admindeMac-mini.local","pid":26539,"level":20,"msg":"Processed: \u001b[35mlayout/_scripts/third-party/mathjax.swig\u001b[39m","time":"2016-07-27T08:00:45.708Z","v":0}
{"name":"hexo","hostname":"admindeMac-mini.local","pid":26539,"level":20,"msg":"Processed: \u001b[35mlayout/_scripts/third-party/tinysou.swig\u001b[39m","time":"2016-07-27T08:00:45.709Z","v":0}
{"name":"hexo","hostname":"admindeMac-mini.local","pid":26539,"level":20,"msg":"Processed: \u001b[35mlayout/_scripts/pages/post-details.swig\u001b[39m","time":"2016-07-27T08:00:45.710Z","v":0}
{"name":"hexo","hostname":"admindeMac-mini.local","pid":26539,"level":20,"msg":"Processed: \u001b[35mlayout/_partials/head/external-fonts.swig\u001b[39m","time":"2016-07-27T08:00:45.710Z","v":0}
{"name":"hexo","hostname":"admindeMac-mini.local","pid":26539,"level":20,"msg":"Processed: \u001b[35mlayout/_partials/search/localsearch.swig\u001b[39m","time":"2016-07-27T08:00:45.710Z","v":0}
{"name":"hexo","hostname":"admindeMac-mini.local","pid":26539,"level":20,"msg":"Processed: \u001b[35mlayout/_partials/search/swiftype.swig\u001b[39m","time":"2016-07-27T08:00:45.710Z","v":0}
{"name":"hexo","hostname":"admindeMac-mini.local","pid":26539,"level":20,"msg":"Processed: \u001b[35mlayout/_partials/search/tinysou.swig\u001b[39m","time":"2016-07-27T08:00:45.710Z","v":0}
{"name":"hexo","hostname":"admindeMac-mini.local","pid":26539,"level":20,"msg":"Processed: \u001b[35mlayout/_partials/share/baidushare.swig\u001b[39m","time":"2016-07-27T08:00:45.711Z","v":0}
{"name":"hexo","hostname":"admindeMac-mini.local","pid":26539,"level":20,"msg":"Processed: \u001b[35mlayout/_partials/share/duoshuo_share.swig\u001b[39m","time":"2016-07-27T08:00:45.711Z","v":0}
{"name":"hexo","hostname":"admindeMac-mini.local","pid":26539,"level":20,"msg":"Processed: \u001b[35mlayout/_partials/share/jiathis.swig\u001b[39m","time":"2016-07-27T08:00:45.711Z","v":0}
{"name":"hexo","hostname":"admindeMac-mini.local","pid":26539,"level":20,"msg":"Processed: \u001b[35mlayout/_partials/share/add-this.swig\u001b[39m","time":"2016-07-27T08:00:45.711Z","v":0}
{"name":"hexo","hostname":"admindeMac-mini.local","pid":26539,"level":20,"msg":"Processed: \u001b[35msource/vendors/font-awesome/fonts/FontAwesome.otf\u001b[39m","time":"2016-07-27T08:00:45.715Z","v":0}
{"name":"hexo","hostname":"admindeMac-mini.local","pid":26539,"level":20,"msg":"Processed: \u001b[35msource/vendors/font-awesome/fonts/fontawesome-webfont.eot\u001b[39m","time":"2016-07-27T08:00:45.716Z","v":0}
{"name":"hexo","hostname":"admindeMac-mini.local","pid":26539,"level":20,"msg":"Processed: \u001b[35msource/vendors/font-awesome/fonts/fontawesome-webfont.woff\u001b[39m","time":"2016-07-27T08:00:45.716Z","v":0}
{"name":"hexo","hostname":"admindeMac-mini.local","pid":26539,"level":20,"msg":"Processed: \u001b[35msource/vendors/font-awesome/fonts/fontawesome-webfont.ttf\u001b[39m","time":"2016-07-27T08:00:45.723Z","v":0}
{"name":"hexo","hostname":"admindeMac-mini.local","pid":26539,"level":20,"msg":"Processed: \u001b[35msource/vendors/fancybox/source/helpers/jquery.fancybox-buttons.css\u001b[39m","time":"2016-07-27T08:00:45.723Z","v":0}
{"name":"hexo","hostname":"admindeMac-mini.local","pid":26539,"level":20,"msg":"Processed: \u001b[35msource/vendors/fancybox/source/helpers/fancybox_buttons.png\u001b[39m","time":"2016-07-27T08:00:45.723Z","v":0}
{"name":"hexo","hostname":"admindeMac-mini.local","pid":26539,"level":20,"msg":"Processed: \u001b[35msource/vendors/fancybox/source/helpers/jquery.fancybox-buttons.js\u001b[39m","time":"2016-07-27T08:00:45.724Z","v":0}
{"name":"hexo","hostname":"admindeMac-mini.local","pid":26539,"level":20,"msg":"Processed: \u001b[35msource/vendors/fancybox/source/helpers/jquery.fancybox-media.js\u001b[39m","time":"2016-07-27T08:00:45.724Z","v":0}
{"name":"hexo","hostname":"admindeMac-mini.local","pid":26539,"level":20,"msg":"Processed: \u001b[35msource/vendors/fancybox/source/helpers/jquery.fancybox-thumbs.js\u001b[39m","time":"2016-07-27T08:00:45.724Z","v":0}
{"name":"hexo","hostname":"admindeMac-mini.local","pid":26539,"level":20,"msg":"Processed: \u001b[35msource/vendors/fancybox/source/helpers/jquery.fancybox-thumbs.css\u001b[39m","time":"2016-07-27T08:00:45.725Z","v":0}
{"name":"hexo","hostname":"admindeMac-mini.local","pid":26539,"level":20,"msg":"Processed: \u001b[35mlayout/_scripts/third-party/analytics/baidu-analytics.swig\u001b[39m","time":"2016-07-27T08:00:45.731Z","v":0}
{"name":"hexo","hostname":"admindeMac-mini.local","pid":26539,"level":20,"msg":"Processed: \u001b[35mlayout/_scripts/third-party/analytics/cnzz-analytics.swig\u001b[39m","time":"2016-07-27T08:00:45.732Z","v":0}
{"name":"hexo","hostname":"admindeMac-mini.local","pid":26539,"level":20,"msg":"Processed: \u001b[35mlayout/_scripts/third-party/analytics/busuanzi-counter.swig\u001b[39m","time":"2016-07-27T08:00:45.732Z","v":0}
{"name":"hexo","hostname":"admindeMac-mini.local","pid":26539,"level":20,"msg":"Processed: \u001b[35mlayout/_scripts/third-party/analytics/facebook-sdk.swig\u001b[39m","time":"2016-07-27T08:00:45.732Z","v":0}
{"name":"hexo","hostname":"admindeMac-mini.local","pid":26539,"level":20,"msg":"Processed: \u001b[35mlayout/_scripts/third-party/analytics/tencent-analytics.swig\u001b[39m","time":"2016-07-27T08:00:45.732Z","v":0}
{"name":"hexo","hostname":"admindeMac-mini.local","pid":26539,"level":20,"msg":"Processed: \u001b[35mlayout/_scripts/third-party/comments/disqus.swig\u001b[39m","time":"2016-07-27T08:00:45.732Z","v":0}
{"name":"hexo","hostname":"admindeMac-mini.local","pid":26539,"level":20,"msg":"Processed: \u001b[35mlayout/_scripts/third-party/analytics/google-analytics.swig\u001b[39m","time":"2016-07-27T08:00:45.732Z","v":0}
{"name":"hexo","hostname":"admindeMac-mini.local","pid":26539,"level":20,"msg":"Processed: \u001b[35mlayout/_scripts/third-party/comments/duoshuo.swig\u001b[39m","time":"2016-07-27T08:00:45.732Z","v":0}
{"name":"hexo","hostname":"admindeMac-mini.local","pid":26539,"level":20,"msg":"Processed: \u001b[35msource/vendors/font-awesome/fonts/fontawesome-webfont.svg\u001b[39m","time":"2016-07-27T08:00:45.733Z","v":0}
{"name":"hexo","hostname":"admindeMac-mini.local","pid":26539,"level":20,"msg":"Generator: \u001b[35mpage\u001b[39m","time":"2016-07-27T08:00:46.086Z","v":0}
{"name":"hexo","hostname":"admindeMac-mini.local","pid":26539,"level":20,"msg":"Generator: \u001b[35mpost\u001b[39m","time":"2016-07-27T08:00:46.086Z","v":0}
{"name":"hexo","hostname":"admindeMac-mini.local","pid":26539,"level":20,"msg":"Generator: \u001b[35marchive\u001b[39m","time":"2016-07-27T08:00:46.086Z","v":0}
{"name":"hexo","hostname":"admindeMac-mini.local","pid":26539,"level":20,"msg":"Generator: \u001b[35mcategory\u001b[39m","time":"2016-07-27T08:00:46.086Z","v":0}
{"name":"hexo","hostname":"admindeMac-mini.local","pid":26539,"level":20,"msg":"Generator: \u001b[35mindex\u001b[39m","time":"2016-07-27T08:00:46.086Z","v":0}
{"name":"hexo","hostname":"admindeMac-mini.local","pid":26539,"level":20,"msg":"Generator: \u001b[35mtag\u001b[39m","time":"2016-07-27T08:00:46.086Z","v":0}
{"name":"hexo","hostname":"admindeMac-mini.local","pid":26539,"level":20,"msg":"Generator: \u001b[35masset\u001b[39m","time":"2016-07-27T08:00:46.088Z","v":0}
{"name":"hexo","hostname":"admindeMac-mini.local","pid":26539,"level":30,"msg":"Hexo is running at \u001b[4mhttp://localhost:4000/\u001b[24m. Press Ctrl+C to stop.","time":"2016-07-27T08:00:46.102Z","v":0}
{"name":"hexo","hostname":"admindeMac-mini.local","pid":26539,"level":20,"msg":"Database saved","time":"2016-07-27T08:00:46.145Z","v":0}
{"name":"hexo","hostname":"admindeMac-mini.local","pid":26539,"level":20,"msg":"Rendering index: \u001b[35mindex.html\u001b[39m","time":"2016-07-27T08:01:09.355Z","v":0}
{"name":"hexo","hostname":"admindeMac-mini.local","pid":26539,"level":20,"msg":"Rendering archive: \u001b[35marchives/index.html\u001b[39m","time":"2016-07-27T08:01:17.941Z","v":0}
{"name":"hexo","hostname":"admindeMac-mini.local","pid":26539,"level":20,"msg":"Rendering index: \u001b[35mindex.html\u001b[39m","time":"2016-07-27T08:01:22.416Z","v":0}
{"name":"hexo","hostname":"admindeMac-mini.local","pid":27055,"level":20,"msg":"Hexo version: \u001b[35m3.2.0\u001b[39m","time":"2016-07-27T08:04:06.144Z","v":0}
{"name":"hexo","hostname":"admindeMac-mini.local","pid":27055,"level":20,"msg":"Working directory: \u001b[35m~/hexo/\u001b[39m","time":"2016-07-27T08:04:06.148Z","v":0}
{"name":"hexo","hostname":"admindeMac-mini.local","pid":27055,"level":20,"msg":"Config loaded: \u001b[35m~/hexo/_config.yml\u001b[39m","time":"2016-07-27T08:04:06.229Z","v":0}
{"name":"hexo","hostname":"admindeMac-mini.local","pid":27055,"level":20,"msg":"Script loaded: \u001b[35mthemes/next/scripts/merge-configs.js\u001b[39m","time":"2016-07-27T08:04:06.241Z","v":0}
{"name":"hexo","hostname":"admindeMac-mini.local","pid":27055,"level":20,"msg":"Script loaded: \u001b[35mthemes/next/scripts/tags/center-quote.js\u001b[39m","time":"2016-07-27T08:04:06.241Z","v":0}
{"name":"hexo","hostname":"admindeMac-mini.local","pid":27055,"level":20,"msg":"Script loaded: \u001b[35mthemes/next/scripts/tags/full-image.js\u001b[39m","time":"2016-07-27T08:04:06.242Z","v":0}
{"name":"hexo","hostname":"admindeMac-mini.local","pid":27055,"level":20,"msg":"Script loaded: \u001b[35mthemes/next/scripts/tags/group-pictures.js\u001b[39m","time":"2016-07-27T08:04:06.243Z","v":0}
{"name":"hexo","hostname":"admindeMac-mini.local","pid":27055,"level":20,"msg":"Plugin loaded: \u001b[35mhexo-asset-image\u001b[39m","time":"2016-07-27T08:04:06.325Z","v":0}
{"name":"hexo","hostname":"admindeMac-mini.local","pid":27055,"level":20,"msg":"Plugin loaded: \u001b[35mhexo-deployer-git\u001b[39m","time":"2016-07-27T08:04:06.510Z","v":0}
{"name":"hexo","hostname":"admindeMac-mini.local","pid":27055,"level":20,"msg":"Plugin loaded: \u001b[35mhexo-generator-archive\u001b[39m","time":"2016-07-27T08:04:06.513Z","v":0}
{"name":"hexo","hostname":"admindeMac-mini.local","pid":27055,"level":20,"msg":"Plugin loaded: \u001b[35mhexo-generator-category\u001b[39m","time":"2016-07-27T08:04:06.514Z","v":0}
{"name":"hexo","hostname":"admindeMac-mini.local","pid":27055,"level":20,"msg":"Plugin loaded: \u001b[35mhexo-generator-index\u001b[39m","time":"2016-07-27T08:04:06.517Z","v":0}
{"name":"hexo","hostname":"admindeMac-mini.local","pid":27055,"level":20,"msg":"Plugin loaded: \u001b[35mhexo-generator-tag\u001b[39m","time":"2016-07-27T08:04:06.519Z","v":0}
{"name":"hexo","hostname":"admindeMac-mini.local","pid":27055,"level":20,"msg":"Plugin loaded: \u001b[35mhexo-renderer-ejs\u001b[39m","time":"2016-07-27T08:04:06.522Z","v":0}
{"name":"hexo","hostname":"admindeMac-mini.local","pid":27055,"level":20,"msg":"Plugin loaded: \u001b[35mhexo-renderer-marked\u001b[39m","time":"2016-07-27T08:04:06.592Z","v":0}
{"name":"hexo","hostname":"admindeMac-mini.local","pid":27055,"level":20,"msg":"Plugin loaded: \u001b[35mhexo-renderer-stylus\u001b[39m","time":"2016-07-27T08:04:06.593Z","v":0}
{"name":"hexo","hostname":"admindeMac-mini.local","pid":27055,"level":20,"msg":"Plugin loaded: \u001b[35mhexo-server\u001b[39m","time":"2016-07-27T08:04:06.692Z","v":0}
{"name":"hexo","hostname":"admindeMac-mini.local","pid":27055,"level":60,"msg":"Port 4000 has been used. Try other port instead.","time":"2016-07-27T08:04:06.699Z","v":0}
{"name":"hexo","hostname":"admindeMac-mini.local","pid":27055,"level":60,"err":{"message":"listen EADDRINUSE 0.0.0.0:4000","name":"Error","stack":"Error: listen EADDRINUSE 0.0.0.0:4000\n    at Object.exports._errnoException (util.js:870:11)\n    at exports._exceptionWithHostPort (util.js:893:20)\n    at Server._listen2 (net.js:1234:14)\n    at listen (net.js:1270:10)\n    at net.js:1379:9\n    at nextTickCallbackWith3Args (node.js:453:9)\n    at process._tickCallback (node.js:359:17)","code":"EADDRINUSE"},"msg":"Something's wrong. Maybe you can find the solution here: \u001b[4mhttp://hexo.io/docs/troubleshooting.html\u001b[24m","time":"2016-07-27T08:04:06.701Z","v":0}
{"name":"hexo","hostname":"admindeMac-mini.local","pid":27055,"level":20,"msg":"Database saved","time":"2016-07-27T08:04:06.704Z","v":0}
