{"name":"hexo","hostname":"admindeMac-mini.local","pid":26868,"level":20,"msg":"Hexo version: \u001b[35m3.2.0\u001b[39m","time":"2016-07-27T08:02:52.333Z","v":0}
{"name":"hexo","hostname":"admindeMac-mini.local","pid":26868,"level":20,"msg":"Working directory: \u001b[35m~/hexo/\u001b[39m","time":"2016-07-27T08:02:52.337Z","v":0}
{"name":"hexo","hostname":"admindeMac-mini.local","pid":26868,"level":20,"msg":"Config loaded: \u001b[35m~/hexo/_config.yml\u001b[39m","time":"2016-07-27T08:02:52.416Z","v":0}
{"name":"hexo","hostname":"admindeMac-mini.local","pid":26868,"level":20,"msg":"Script loaded: \u001b[35mthemes/next/scripts/merge-configs.js\u001b[39m","time":"2016-07-27T08:02:52.429Z","v":0}
{"name":"hexo","hostname":"admindeMac-mini.local","pid":26868,"level":20,"msg":"Script loaded: \u001b[35mthemes/next/scripts/tags/center-quote.js\u001b[39m","time":"2016-07-27T08:02:52.429Z","v":0}
{"name":"hexo","hostname":"admindeMac-mini.local","pid":26868,"level":20,"msg":"Script loaded: \u001b[35mthemes/next/scripts/tags/group-pictures.js\u001b[39m","time":"2016-07-27T08:02:52.431Z","v":0}
{"name":"hexo","hostname":"admindeMac-mini.local","pid":26868,"level":20,"msg":"Plugin loaded: \u001b[35mhexo-asset-image\u001b[39m","time":"2016-07-27T08:02:52.515Z","v":0}
{"name":"hexo","hostname":"admindeMac-mini.local","pid":26868,"level":20,"msg":"Script loaded: \u001b[35mthemes/next/scripts/tags/full-image.js\u001b[39m","time":"2016-07-27T08:02:52.515Z","v":0}
{"name":"hexo","hostname":"admindeMac-mini.local","pid":26868,"level":20,"msg":"Plugin loaded: \u001b[35mhexo-deployer-git\u001b[39m","time":"2016-07-27T08:02:52.722Z","v":0}
{"name":"hexo","hostname":"admindeMac-mini.local","pid":26868,"level":20,"msg":"Plugin loaded: \u001b[35mhexo-generator-archive\u001b[39m","time":"2016-07-27T08:02:52.725Z","v":0}
{"name":"hexo","hostname":"admindeMac-mini.local","pid":26868,"level":20,"msg":"Plugin loaded: \u001b[35mhexo-generator-category\u001b[39m","time":"2016-07-27T08:02:52.727Z","v":0}
{"name":"hexo","hostname":"admindeMac-mini.local","pid":26868,"level":20,"msg":"Plugin loaded: \u001b[35mhexo-generator-index\u001b[39m","time":"2016-07-27T08:02:52.729Z","v":0}
{"name":"hexo","hostname":"admindeMac-mini.local","pid":26868,"level":20,"msg":"Plugin loaded: \u001b[35mhexo-generator-tag\u001b[39m","time":"2016-07-27T08:02:52.732Z","v":0}
{"name":"hexo","hostname":"admindeMac-mini.local","pid":26868,"level":20,"msg":"Plugin loaded: \u001b[35mhexo-renderer-ejs\u001b[39m","time":"2016-07-27T08:02:52.735Z","v":0}
{"name":"hexo","hostname":"admindeMac-mini.local","pid":26868,"level":20,"msg":"Plugin loaded: \u001b[35mhexo-renderer-marked\u001b[39m","time":"2016-07-27T08:02:52.815Z","v":0}
{"name":"hexo","hostname":"admindeMac-mini.local","pid":26868,"level":20,"msg":"Plugin loaded: \u001b[35mhexo-renderer-stylus\u001b[39m","time":"2016-07-27T08:02:52.816Z","v":0}
{"name":"hexo","hostname":"admindeMac-mini.local","pid":26868,"level":20,"msg":"Plugin loaded: \u001b[35mhexo-server\u001b[39m","time":"2016-07-27T08:02:52.926Z","v":0}
{"name":"hexo","hostname":"admindeMac-mini.local","pid":26868,"level":60,"msg":"Port 4000 has been used. Try other port instead.","time":"2016-07-27T08:02:52.934Z","v":0}
{"name":"hexo","hostname":"admindeMac-mini.local","pid":26868,"level":60,"err":{"message":"listen EADDRINUSE 0.0.0.0:4000","name":"Error","stack":"Error: listen EADDRINUSE 0.0.0.0:4000\n    at Object.exports._errnoException (util.js:870:11)\n    at exports._exceptionWithHostPort (util.js:893:20)\n    at Server._listen2 (net.js:1234:14)\n    at listen (net.js:1270:10)\n    at net.js:1379:9\n    at nextTickCallbackWith3Args (node.js:453:9)\n    at process._tickCallback (node.js:359:17)","code":"EADDRINUSE"},"msg":"Something's wrong. Maybe you can find the solution here: \u001b[4mhttp://hexo.io/docs/troubleshooting.html\u001b[24m","time":"2016-07-27T08:02:52.936Z","v":0}
{"name":"hexo","hostname":"admindeMac-mini.local","pid":26868,"level":20,"msg":"Database saved","time":"2016-07-27T08:02:52.940Z","v":0}
